<?xml version="1.0" encoding="UTF-8"?>
<!-- Generated by org.testng.reporters.JUnitReportReporter -->
<testsuite hostname="IBM878-PC0D6T07" name="pack1.Demo1" tests="1" failures="0" timestamp="19 Aug 2019 08:26:27 GMT" time="0.006" errors="0">
  <testcase name="C" time="0.006" classname="pack1.Demo1"/>
</testsuite> <!-- pack1.Demo1 -->
